
/home/runner/work/exp-hash-functions-iiith/exp-hash-functions-iiith/experiment/simulation/js/base64.js
   4:10  warning  'hex2b64' is defined but never used  no-unused-vars
  32:5   warning  'v' is not defined                   no-undef
  33:8   warning  'v' is not defined                   no-undef
  35:14  warning  'int2char' is not defined            no-undef
  35:23  warning  'v' is not defined                   no-undef
  36:14  warning  'v' is not defined                   no-undef
  40:14  warning  'int2char' is not defined            no-undef
  40:38  warning  'v' is not defined                   no-undef
  41:14  warning  'v' is not defined                   no-undef
  45:14  warning  'int2char' is not defined            no-undef
  46:14  warning  'int2char' is not defined            no-undef
  46:23  warning  'v' is not defined                   no-undef
  47:14  warning  'v' is not defined                   no-undef
  51:14  warning  'int2char' is not defined            no-undef
  51:38  warning  'v' is not defined                   no-undef
  52:14  warning  'int2char' is not defined            no-undef
  52:23  warning  'v' is not defined                   no-undef
  57:12  warning  'int2char' is not defined            no-undef
  62:10  warning  'b64toBA' is defined but never used  no-unused-vars

/home/runner/work/exp-hash-functions-iiith/exp-hash-functions-iiith/experiment/simulation/js/hmac.js
   51:3   warning  'ret' is not defined                         no-undef
   52:8   warning  'i' is not defined                           no-undef
   52:15  warning  'i' is not defined                           no-undef
   52:24  warning  'i' is not defined                           no-undef
   53:5   warning  'ret' is not defined                         no-undef
   55:10  warning  'ret' is not defined                         no-undef
   58:10  warning  'next_plain_text' is defined but never used  no-unused-vars
   63:10  warning  'next_IV' is defined but never used          no-unused-vars
   77:10  warning  'next_Key' is defined but never used         no-unused-vars
  108:10  warning  'get_hash' is defined but never used         no-unused-vars
  156:10  warning  'appendLength' is defined but never used     no-unused-vars
  163:10  warning  'pad_plain_text' is defined but never used   no-unused-vars
  169:10  warning  'checkAnswer' is defined but never used      no-unused-vars
  234:10  warning  'showHMACSteps' is defined but never used    no-unused-vars
  292:10  warning  'updateSummary' is defined but never used    no-unused-vars

/home/runner/work/exp-hash-functions-iiith/exp-hash-functions-iiith/experiment/simulation/js/mobile-detection.js
  15:12  warning  'isPortraitMode' is defined but never used  no-unused-vars
  20:12  warning  'isSmallScreen' is defined but never used   no-unused-vars

/home/runner/work/exp-hash-functions-iiith/exp-hash-functions-iiith/experiment/simulation/js/sha1.js
   22:10  warning  'b64_sha1' is defined but never used          no-unused-vars
   23:10  warning  'any_sha1' is defined but never used          no-unused-vars
   24:10  warning  'hex_hmac_sha1' is defined but never used     no-unused-vars
   26:10  warning  'b64_hmac_sha1' is defined but never used     no-unused-vars
   28:10  warning  'any_hmac_sha1' is defined but never used     no-unused-vars
   34:10  warning  'sha1_vm_test' is defined but never used      no-unused-vars
  202:10  warning  'str2rstr_utf16le' is defined but never used  no-unused-vars
  211:10  warning  'str2rstr_utf16be' is defined but never used  no-unused-vars
  229:11  warning  'i' is already defined                        no-redeclare

✖ 45 problems (0 errors, 45 warnings)

